16:47:03 [restartedMain] INFO  CartoonApplication - Starting CartoonApplication on LAPTOP-P90I1490 with PID 8848 (E:\zl\cartoonWeb\cartoon\target\classes started by HP in E:\zl\cartoonWeb\cartoon)
16:47:03 [restartedMain] INFO  CartoonApplication - No active profile set, falling back to default profiles: default
16:47:03 [restartedMain] INFO  AnnotationConfigServletWebServerApplicationContext - Refreshing org.springframework.boot.web.servlet.context.AnnotationConfigServletWebServerApplicationContext@385370bc: startup date [Mon Dec 03 16:47:03 GMT+08:00 2018]; root of context hierarchy
16:47:04 [restartedMain] INFO  RepositoryConfigurationDelegate - Multiple Spring Data modules found, entering strict repository configuration mode!
16:47:05 [restartedMain] INFO  PostProcessorRegistrationDelegate$BeanPostProcessorChecker - Bean 'org.springframework.transaction.annotation.ProxyTransactionManagementConfiguration' of type [org.springframework.transaction.annotation.ProxyTransactionManagementConfiguration$$EnhancerBySpringCGLIB$$3b271caf] is not eligible for getting processed by all BeanPostProcessors (for example: not eligible for auto-proxying)
16:47:05 [restartedMain] INFO  log - Logging initialized @3094ms to org.eclipse.jetty.util.log.Slf4jLog
16:47:05 [restartedMain] INFO  JettyServletWebServerFactory - Server initialized with port: 80
16:47:05 [restartedMain] INFO  Server - jetty-9.4.11.v20180605; built: 2018-06-05T18:24:03.829Z; git: d5fc0523cfa96bfebfbda19606cad384d772f04c; jvm 1.8.0_162-b12
16:47:05 [restartedMain] INFO  session - DefaultSessionIdManager workerName=node0
16:47:05 [restartedMain] INFO  session - No SessionScavenger set, using defaults
16:47:05 [restartedMain] INFO  session - node0 Scavenging every 660000ms
16:47:05 [restartedMain] INFO  application - Initializing Spring embedded WebApplicationContext
16:47:05 [restartedMain] INFO  ContextLoader - Root WebApplicationContext: initialization completed in 1764 ms
16:47:05 [restartedMain] INFO  ServletRegistrationBean - Servlet dispatcherServlet mapped to [/]
16:47:05 [restartedMain] INFO  FilterRegistrationBean - Mapping filter: 'characterEncodingFilter' to: [/*]
16:47:05 [restartedMain] INFO  FilterRegistrationBean - Mapping filter: 'hiddenHttpMethodFilter' to: [/*]
16:47:05 [restartedMain] INFO  FilterRegistrationBean - Mapping filter: 'httpPutFormContentFilter' to: [/*]
16:47:05 [restartedMain] INFO  FilterRegistrationBean - Mapping filter: 'requestContextFilter' to: [/*]
16:47:05 [restartedMain] INFO  FilterRegistrationBean - Mapping filter: 'resourceUrlEncodingFilter' to: [/*]
16:47:05 [restartedMain] INFO  ContextHandler - Started o.s.b.w.e.j.JettyEmbeddedWebAppContext@679b39cb{application,/,[file:///C:/Users/HP/AppData/Local/Temp/jetty-docbase.1505789633778510695.80/],AVAILABLE}
16:47:05 [restartedMain] INFO  Server - Started @3424ms
16:47:06 [restartedMain] INFO  SimpleUrlHandlerMapping - Mapped URL path [/**/favicon.ico] onto handler of type [class org.springframework.web.servlet.resource.ResourceHttpRequestHandler]
16:47:06 [restartedMain] INFO  RequestMappingHandlerAdapter - Looking for @ControllerAdvice: org.springframework.boot.web.servlet.context.AnnotationConfigServletWebServerApplicationContext@385370bc: startup date [Mon Dec 03 16:47:03 GMT+08:00 2018]; root of context hierarchy
16:47:06 [restartedMain] INFO  RequestMappingHandlerMapping - Mapped "{[/book/catalog.do]}" onto public java.lang.String com.zl.cartoon.controoler.CatalogController.catalog(java.lang.String,java.lang.String)
16:47:06 [restartedMain] INFO  RequestMappingHandlerMapping - Mapped "{[/book/catalog.json],methods=[GET]}" onto public com.zl.cartoon.entity.returnmodel.BookCatalogResult com.zl.cartoon.controoler.CatalogController.bookCatalog(java.lang.String,java.lang.String)
16:47:06 [restartedMain] INFO  RequestMappingHandlerMapping - Mapped "{[/category/header.json],methods=[GET]}" onto public com.zl.cartoon.entity.returnmodel.CategoryTypeResult com.zl.cartoon.controoler.CategoryController.header(java.lang.String)
16:47:06 [restartedMain] INFO  RequestMappingHandlerMapping - Mapped "{[/category/books.json],methods=[GET]}" onto public com.zl.cartoon.entity.returnmodel.BookInfoResult com.zl.cartoon.controoler.CategoryController.categoryBook(java.lang.String,int,int,long,int,int)
16:47:06 [restartedMain] INFO  RequestMappingHandlerMapping - Mapped "{[/category.do]}" onto public java.lang.String com.zl.cartoon.controoler.CategoryController.category(java.lang.String,java.lang.String)
16:47:06 [restartedMain] INFO  RequestMappingHandlerMapping - Mapped "{[/statistics/log/upload.json],methods=[GET]}" onto public com.zl.cartoon.entity.returnmodel.BaseResult com.zl.cartoon.controoler.CommonController.upload(java.lang.String,java.lang.String)
16:47:06 [restartedMain] INFO  RequestMappingHandlerMapping - Mapped "{[/statistics/log/cors/logUpload.json],methods=[GET]}" onto public com.zl.cartoon.entity.returnmodel.BaseResult com.zl.cartoon.controoler.CommonController.logUpload(java.lang.String)
16:47:06 [restartedMain] INFO  RequestMappingHandlerMapping - Mapped "{[/coupon]}" onto public java.lang.String com.zl.cartoon.controoler.CouponController.coupon()
16:47:06 [restartedMain] INFO  RequestMappingHandlerMapping - Mapped "{[/free]}" onto public java.lang.String com.zl.cartoon.controoler.FreeController.free()
16:47:06 [restartedMain] INFO  RequestMappingHandlerMapping - Mapped "{[/history]}" onto public java.lang.String com.zl.cartoon.controoler.HistoryController.history()
16:47:06 [restartedMain] INFO  RequestMappingHandlerMapping - Mapped "{[/hongbao]}" onto public java.lang.String com.zl.cartoon.controoler.HoneBaoController.hongbao()
16:47:06 [restartedMain] INFO  RequestMappingHandlerMapping - Mapped "{[/]}" onto public java.lang.String com.zl.cartoon.controoler.IndexController.index(org.springframework.ui.Model)
16:47:06 [restartedMain] INFO  RequestMappingHandlerMapping - Mapped "{[/home/list.json],methods=[GET]}" onto public com.zl.cartoon.entity.returnmodel.IndexListResult com.zl.cartoon.controoler.IndexController.list()
16:47:06 [restartedMain] INFO  RequestMappingHandlerMapping - Mapped "{[/rank/books.json],methods=[GET]}" onto public com.zl.cartoon.entity.returnmodel.BooksResult com.zl.cartoon.controoler.IndexController.books(java.lang.String,int,int)
16:47:06 [restartedMain] INFO  RequestMappingHandlerMapping - Mapped "{[/banner/getBanners.json],methods=[GET]}" onto public com.zl.cartoon.entity.returnmodel.BannerResult com.zl.cartoon.controoler.IndexController.getBanners(int)
16:47:06 [restartedMain] INFO  RequestMappingHandlerMapping - Mapped "{[/novel/rewardRank],methods=[GET]}" onto public com.zl.cartoon.entity.returnmodel.RewardRank com.zl.cartoon.controoler.NewBookController.rewardRank(java.lang.String,java.lang.String,java.lang.String,java.lang.String)
16:47:06 [restartedMain] INFO  RequestMappingHandlerMapping - Mapped "{[/book],methods=[GET]}" onto public java.lang.String com.zl.cartoon.controoler.NewBookController.book(java.lang.String,java.lang.String,java.lang.String)
16:47:06 [restartedMain] INFO  RequestMappingHandlerMapping - Mapped "{[/order/getRewardAmount],methods=[GET]}" onto public com.zl.cartoon.entity.returnmodel.NewReturnBase com.zl.cartoon.controoler.NewBookController.getRewardAmount(java.lang.String)
16:47:06 [restartedMain] INFO  RequestMappingHandlerMapping - Mapped "{[/novel/novelInfo],methods=[GET]}" onto public com.zl.cartoon.entity.returnmodel.NewReturnBase com.zl.cartoon.controoler.NewBookController.novelInfo(java.lang.String,java.lang.String,java.lang.String,java.lang.String,java.lang.String)
16:47:06 [restartedMain] INFO  RequestMappingHandlerMapping - Mapped "{[/novel/rank],methods=[GET]}" onto public com.zl.cartoon.entity.returnmodel.NewReturnBase com.zl.cartoon.controoler.NewIndexController.novelRank(java.lang.String,java.lang.String,java.lang.String,java.lang.String)
16:47:06 [restartedMain] INFO  RequestMappingHandlerMapping - Mapped "{[/stat/signParams],methods=[POST]}" onto public com.zl.cartoon.entity.returnmodel.NewReturnBase com.zl.cartoon.controoler.NewIndexController.statSignParams(java.lang.String,java.lang.String,java.lang.String,java.lang.String)
16:47:06 [restartedMain] INFO  RequestMappingHandlerMapping - Mapped "{[/index/center]}" onto public java.lang.String com.zl.cartoon.controoler.NewIndexController.newindex(java.lang.String,java.lang.String)
16:47:06 [restartedMain] INFO  RequestMappingHandlerMapping - Mapped "{[/index/userInfo],methods=[GET]}" onto public com.zl.cartoon.entity.returnmodel.NewReturnBase com.zl.cartoon.controoler.NewIndexController.indexUserInfo(java.lang.String,java.lang.String,java.lang.String)
16:47:06 [restartedMain] INFO  RequestMappingHandlerMapping - Mapped "{[/stat/log],methods=[POST]}" onto public com.zl.cartoon.entity.returnmodel.NewReturnBase com.zl.cartoon.controoler.NewIndexController.statLog(java.lang.String,java.lang.String,java.lang.String,java.lang.String,java.lang.String,java.lang.String)
16:47:06 [restartedMain] INFO  RequestMappingHandlerMapping - Mapped "{[/index/recommend],methods=[GET]}" onto public com.zl.cartoon.entity.returnmodel.NewReturnBase com.zl.cartoon.controoler.NewIndexController.indexRecommend(java.lang.String,java.lang.String,java.lang.String)
16:47:06 [restartedMain] INFO  RequestMappingHandlerMapping - Mapped "{[/index/customNovels],methods=[GET]}" onto public com.zl.cartoon.entity.returnmodel.NewReturnBase com.zl.cartoon.controoler.NewIndexController.indexCustomNovels(java.lang.String,java.lang.String)
16:47:06 [restartedMain] INFO  RequestMappingHandlerMapping - Mapped "{[/getMessage.json],methods=[POST]}" onto public com.zl.cartoon.entity.returnmodel.GetMessageResult com.zl.cartoon.controoler.PayController.getMessage(javax.servlet.http.HttpServletRequest)
16:47:06 [restartedMain] INFO  RequestMappingHandlerMapping - Mapped "{[/share.json],methods=[GET]}" onto public com.zl.cartoon.entity.returnmodel.ShareResult com.zl.cartoon.controoler.PayController.share(java.lang.String,java.lang.String)
16:47:06 [restartedMain] INFO  RequestMappingHandlerMapping - Mapped "{[/banner/cors/getBanners.json],methods=[GET]}" onto public com.zl.cartoon.entity.returnmodel.BannerResult com.zl.cartoon.controoler.PayController.getBanners(java.lang.String,java.lang.String)
16:47:06 [restartedMain] INFO  RequestMappingHandlerMapping - Mapped "{[/banner/cors/getCustomer.json],methods=[GET]}" onto public com.zl.cartoon.entity.returnmodel.GetCustomerResult com.zl.cartoon.controoler.PayController.getCustomer(java.lang.String)
16:47:06 [restartedMain] INFO  RequestMappingHandlerMapping - Mapped "{[/pay.do]}" onto public java.lang.String com.zl.cartoon.controoler.PayController.pay(java.lang.String)
16:47:06 [restartedMain] INFO  RequestMappingHandlerMapping - Mapped "{[/recharge/confirm.json],methods=[POST]}" onto public com.zl.cartoon.entity.returnmodel.RechargeConfirmResult com.zl.cartoon.controoler.PayController.confirm(javax.servlet.http.HttpServletRequest)
16:47:06 [restartedMain] INFO  RequestMappingHandlerMapping - Mapped "{[/cors/user/baseinfo.json],methods=[GET]}" onto public com.zl.cartoon.entity.returnmodel.BaseInfoResult com.zl.cartoon.controoler.PayController.baseInfo(java.lang.String)
16:47:06 [restartedMain] INFO  RequestMappingHandlerMapping - Mapped "{[/recharge/list.json],methods=[GET]}" onto public com.zl.cartoon.entity.returnmodel.RechargeResult com.zl.cartoon.controoler.PayController.rechargeList()
16:47:06 [restartedMain] INFO  RequestMappingHandlerMapping - Mapped "{[/user/baseinfo.json],methods=[GET]}" onto public com.zl.cartoon.entity.returnmodel.BaseInfoResult com.zl.cartoon.controoler.PayController.baseInfo1()
16:47:06 [restartedMain] INFO  RequestMappingHandlerMapping - Mapped "{[/recharge/pay.do]}" onto public java.lang.String com.zl.cartoon.controoler.PayController.rechargePay(java.lang.String,java.lang.String,java.lang.String,java.lang.String,java.lang.String,java.lang.String,java.lang.String,java.lang.String,java.lang.String,java.lang.String,java.lang.String)
16:47:06 [restartedMain] INFO  RequestMappingHandlerMapping - Mapped "{[/rank]}" onto public java.lang.String com.zl.cartoon.controoler.RankController.rank()
16:47:06 [restartedMain] INFO  RequestMappingHandlerMapping - Mapped "{[/book/reader.do]}" onto public java.lang.String com.zl.cartoon.controoler.ReaderController.reader()
16:47:06 [restartedMain] INFO  RequestMappingHandlerMapping - Mapped "{[/book/info.json],methods=[GET]}" onto public com.zl.cartoon.entity.returnmodel.BookInfoResult com.zl.cartoon.controoler.ReaderController.info(java.lang.String,java.lang.String)
16:47:06 [restartedMain] INFO  RequestMappingHandlerMapping - Mapped "{[/trade/pending.json],methods=[GET]}" onto public com.zl.cartoon.entity.returnmodel.TradePendingResult com.zl.cartoon.controoler.ReaderController.pend()
16:47:06 [restartedMain] INFO  RequestMappingHandlerMapping - Mapped "{[/activity/popup.json],methods=[GET]}" onto public com.zl.cartoon.entity.returnmodel.PopupActivityResult com.zl.cartoon.controoler.ReaderController.popup()
16:47:06 [restartedMain] INFO  RequestMappingHandlerMapping - Mapped "{[/ad/get],methods=[GET]}" onto public com.zl.cartoon.entity.returnmodel.BaseResult com.zl.cartoon.controoler.ReaderController.getAd(java.util.List<java.lang.Integer>)
16:47:06 [restartedMain] INFO  RequestMappingHandlerMapping - Mapped "{[/book/promotion.json],methods=[GET]}" onto public com.zl.cartoon.entity.returnmodel.BookPromotionResult com.zl.cartoon.controoler.ReaderController.promotion()
16:47:06 [restartedMain] INFO  RequestMappingHandlerMapping - Mapped "{[/book/content.json],methods=[POST]}" onto public com.zl.cartoon.entity.returnmodel.BookContentResult com.zl.cartoon.controoler.ReaderController.content(java.lang.String,java.lang.String,int,int)
16:47:06 [restartedMain] INFO  RequestMappingHandlerMapping - Mapped "{[/search]}" onto public java.lang.String com.zl.cartoon.controoler.SearchController.index(org.springframework.ui.Model)
16:47:06 [restartedMain] INFO  RequestMappingHandlerMapping - Mapped "{[/search/books.json],methods=[GET]}" onto public com.zl.cartoon.entity.returnmodel.SearchBookResult com.zl.cartoon.controoler.SearchController.searchBook(java.lang.String,int,int)
16:47:06 [restartedMain] INFO  RequestMappingHandlerMapping - Mapped "{[/search/hint.json],methods=[GET]}" onto public com.zl.cartoon.entity.returnmodel.SearchHintResult com.zl.cartoon.controoler.SearchController.searchHint()
16:47:06 [restartedMain] INFO  RequestMappingHandlerMapping - Mapped "{[/search/book.do],methods=[GET]}" onto public com.zl.cartoon.entity.returnmodel.SearchBookResult com.zl.cartoon.controoler.SearchController.searchBookDo(java.lang.String)
16:47:06 [restartedMain] INFO  RequestMappingHandlerMapping - Mapped "{[/user]}" onto public java.lang.String com.zl.cartoon.controoler.UserController.user()
16:47:06 [restartedMain] INFO  RequestMappingHandlerMapping - Mapped "{[/user/lastRead.json],methods=[GET]}" onto public com.zl.cartoon.entity.returnmodel.LastReadResult com.zl.cartoon.controoler.UserController.lastRead()
16:47:06 [restartedMain] INFO  RequestMappingHandlerMapping - Mapped "{[/error]}" onto public org.springframework.http.ResponseEntity<java.util.Map<java.lang.String, java.lang.Object>> org.springframework.boot.autoconfigure.web.servlet.error.BasicErrorController.error(javax.servlet.http.HttpServletRequest)
16:47:06 [restartedMain] INFO  RequestMappingHandlerMapping - Mapped "{[/error],produces=[text/html]}" onto public org.springframework.web.servlet.ModelAndView org.springframework.boot.autoconfigure.web.servlet.error.BasicErrorController.errorHtml(javax.servlet.http.HttpServletRequest,javax.servlet.http.HttpServletResponse)
16:47:06 [restartedMain] INFO  SimpleUrlHandlerMapping - Mapped URL path [/webjars/**] onto handler of type [class org.springframework.web.servlet.resource.ResourceHttpRequestHandler]
16:47:06 [restartedMain] INFO  SimpleUrlHandlerMapping - Mapped URL path [/**] onto handler of type [class org.springframework.web.servlet.resource.ResourceHttpRequestHandler]
16:47:06 [restartedMain] INFO  SimpleUrlHandlerMapping - Mapped URL path [/assets/**] onto handler of type [class org.springframework.web.servlet.resource.ResourceHttpRequestHandler]
16:47:06 [restartedMain] WARN  TemplateMode - [THYMELEAF][restartedMain] Template Mode 'HTML5' is deprecated. Using Template Mode 'HTML' instead.
16:47:06 [restartedMain] INFO  WelcomePageHandlerMapping - Adding welcome page template: index
16:47:07 [restartedMain] INFO  OptionalLiveReloadServer - LiveReload server is running on port 35729
16:47:07 [restartedMain] INFO  AnnotationMBeanExporter - Registering beans for JMX exposure on startup
16:47:07 [restartedMain] INFO  AnnotationMBeanExporter - Bean with name 'dataSource' has been autodetected for JMX exposure
16:47:07 [restartedMain] INFO  AnnotationMBeanExporter - Located MBean 'dataSource': registering with JMX server as MBean [com.zaxxer.hikari:name=dataSource,type=HikariDataSource]
16:47:07 [restartedMain] INFO  application - Initializing Spring FrameworkServlet 'dispatcherServlet'
16:47:07 [restartedMain] INFO  DispatcherServlet - FrameworkServlet 'dispatcherServlet': initialization started
16:47:07 [restartedMain] INFO  DispatcherServlet - FrameworkServlet 'dispatcherServlet': initialization completed in 16 ms
16:47:07 [restartedMain] INFO  AbstractConnector - Started ServerConnector@266a9657{HTTP/1.1,[http/1.1]}{0.0.0.0:80}
16:47:07 [restartedMain] INFO  JettyWebServer - Jetty started on port(s) 80 (http/1.1) with context path '/'
16:47:07 [restartedMain] INFO  CartoonApplication - Started CartoonApplication in 4.184 seconds (JVM running for 5.153)
16:47:20 [qtp1555254696-40] INFO  HikariDataSource - HikariPool-1 - Starting...
16:47:21 [qtp1555254696-40] INFO  HikariDataSource - HikariPool-1 - Start completed.
